<?xml version="1.0" encoding="UTF-8"?>
<testng-results ignored="0" total="1" passed="1" failed="0" skipped="0">
  <reporter-output>
  </reporter-output>
  <suite started-at="2024-05-21T22:28:08 IST" name="Default suite" finished-at="2024-05-21T22:28:12 IST" duration-ms="3627">
    <groups>
    </groups>
    <test started-at="2024-05-21T22:28:08 IST" name="Default test" finished-at="2024-05-21T22:28:12 IST" duration-ms="3627">
      <class name="tests.ApiPortalTest">
        <test-method is-config="true" signature="initialize()[pri:0, instance:tests.ApiPortalTest@506ae4d4]" started-at="2024-05-21T22:28:08 IST" name="initialize" finished-at="2024-05-21T22:28:09 IST" duration-ms="158" status="PASS">
          <reporter-output>
          </reporter-output>
        </test-method> <!-- initialize -->
        <test-method is-config="true" signature="generateTokenForTests()[pri:0, instance:tests.ApiPortalTest@506ae4d4]" started-at="2024-05-21T22:28:09 IST" name="generateTokenForTests" finished-at="2024-05-21T22:28:09 IST" duration-ms="1" status="PASS">
          <reporter-output>
          </reporter-output>
        </test-method> <!-- generateTokenForTests -->
        <test-method signature="loginTest_TC01()[pri:0, instance:tests.ApiPortalTest@506ae4d4]" started-at="2024-05-21T22:28:09 IST" name="loginTest_TC01" finished-at="2024-05-21T22:28:12 IST" duration-ms="3456" status="PASS">
          <reporter-output>
          </reporter-output>
        </test-method> <!-- loginTest_TC01 -->
      </class> <!-- tests.ApiPortalTest -->
    </test> <!-- Default test -->
  </suite> <!-- Default suite -->
</testng-results>
