<?xml version="1.0" encoding="UTF-8"?>
<testng-results ignored="0" total="1" passed="1" failed="0" skipped="0">
  <reporter-output>
  </reporter-output>
  <suite started-at="2024-05-20T23:12:49 IST" name="Default suite" finished-at="2024-05-20T23:12:51 IST" duration-ms="2040">
    <groups>
    </groups>
    <test started-at="2024-05-20T23:12:49 IST" name="Default test" finished-at="2024-05-20T23:12:51 IST" duration-ms="2040">
      <class name="tests.ApiPortalTest">
        <test-method is-config="true" signature="initialize()[pri:0, instance:tests.ApiPortalTest@428640fa]" started-at="2024-05-20T23:12:49 IST" name="initialize" finished-at="2024-05-20T23:12:49 IST" duration-ms="160" status="PASS">
          <reporter-output>
          </reporter-output>
        </test-method> <!-- initialize -->
        <test-method is-config="true" signature="generateTokenForTests()[pri:0, instance:tests.ApiPortalTest@428640fa]" started-at="2024-05-20T23:12:49 IST" name="generateTokenForTests" finished-at="2024-05-20T23:12:49 IST" duration-ms="1" status="PASS">
          <reporter-output>
          </reporter-output>
        </test-method> <!-- generateTokenForTests -->
        <test-method signature="addUserTest_TC02()[pri:0, instance:tests.ApiPortalTest@428640fa]" started-at="2024-05-20T23:12:49 IST" name="addUserTest_TC02" finished-at="2024-05-20T23:12:51 IST" duration-ms="1862" status="PASS">
          <reporter-output>
          </reporter-output>
        </test-method> <!-- addUserTest_TC02 -->
      </class> <!-- tests.ApiPortalTest -->
    </test> <!-- Default test -->
  </suite> <!-- Default suite -->
</testng-results>
